# JRE version: OpenJDK Runtime Environment (7.0_101) (build 1.7.0_101-b00)
# Java VM: OpenJDK 64-Bit Server VM (24.95-b01 mixed mode linux-amd64 compressed oops)
Heap
 PSYoungGen      total 1142272K, used 0K [0x00000007aaa80000, 0x00000007f4100000, 0x0000000800000000)
  eden space 1117696K, 0% used [0x00000007aaa80000,0x00000007aaa80000,0x00000007eee00000)
  from space 24576K, 0% used [0x00000007f2900000,0x00000007f2900000,0x00000007f4100000)
  to   space 42496K, 0% used [0x00000007eee00000,0x00000007eee00000,0x00000007f1780000)
 ParOldGen       total 1324544K, used 575934K [0x0000000700000000, 0x0000000750d80000, 0x00000007aaa80000)
  object space 1324544K, 43% used [0x0000000700000000,0x000000072326f990,0x0000000750d80000)
 PSPermGen       total 100864K, used 71358K [0x00000006f0000000, 0x00000006f6280000, 0x0000000700000000)
  object space 100864K, 70% used [0x00000006f0000000,0x00000006f45afa48,0x00000006f6280000)
GC Heap History (10 events):
Event: 72,053 GC heap after
Heap after GC invocations=27 (full 9):
 PSYoungGen      total 973824K, used 1745K [0x00000007aaa80000, 0x00000007e9280000, 0x0000000800000000)
  eden space 930816K, 0% used [0x00000007aaa80000,0x00000007aaa80000,0x00000007e3780000)
  from space 43008K, 4% used [0x00000007e6880000,0x00000007e6a346d0,0x00000007e9280000)
  to   space 46592K, 0% used [0x00000007e3780000,0x00000007e3780000,0x00000007e6500000)
 ParOldGen       total 1251840K, used 809244K [0x0000000700000000, 0x000000074c680000, 0x00000007aaa80000)
  object space 1251840K, 64% used [0x0000000700000000,0x0000000731647008,0x000000074c680000)
 PSPermGen       total 110592K, used 71308K [0x00000006f0000000, 0x00000006f6c00000, 0x0000000700000000)
  object space 110592K, 64% used [0x00000006f0000000,0x00000006f45a31b8,0x00000006f6c00000)
}
Event: 72,053 GC heap before
{Heap before GC invocations=28 (full 10):
 PSYoungGen      total 973824K, used 1745K [0x00000007aaa80000, 0x00000007e9280000, 0x0000000800000000)
  eden space 930816K, 0% used [0x00000007aaa80000,0x00000007aaa80000,0x00000007e3780000)
  from space 43008K, 4% used [0x00000007e6880000,0x00000007e6a346d0,0x00000007e9280000)
  to   space 46592K, 0% used [0x00000007e3780000,0x00000007e3780000,0x00000007e6500000)
 ParOldGen       total 1251840K, used 809244K [0x0000000700000000, 0x000000074c680000, 0x00000007aaa80000)
  object space 1251840K, 64% used [0x0000000700000000,0x0000000731647008,0x000000074c680000)
 PSPermGen       total 110592K, used 71308K [0x00000006f0000000, 0x00000006f6c00000, 0x0000000700000000)
  object space 110592K, 64% used [0x00000006f0000000,0x00000006f45a31b8,0x00000006f6c00000)
Event: 72,256 GC heap after
Heap after GC invocations=28 (full 10):
 PSYoungGen      total 973824K, used 0K [0x00000007aaa80000, 0x00000007e9280000, 0x0000000800000000)
  eden space 930816K, 0% used [0x00000007aaa80000,0x00000007aaa80000,0x00000007e3780000)
  from space 43008K, 0% used [0x00000007e6880000,0x00000007e6880000,0x00000007e9280000)
  to   space 46592K, 0% used [0x00000007e3780000,0x00000007e3780000,0x00000007e6500000)
 ParOldGen       total 1509888K, used 496424K [0x0000000700000000, 0x000000075c280000, 0x00000007aaa80000)
  object space 1509888K, 32% used [0x0000000700000000,0x000000071e4ca368,0x000000075c280000)
 PSPermGen       total 105472K, used 71305K [0x00000006f0000000, 0x00000006f6700000, 0x0000000700000000)
  object space 105472K, 67% used [0x00000006f0000000,0x00000006f45a24f0,0x00000006f6700000)
}
Event: 85,419 GC heap before
{Heap before GC invocations=29 (full 11):
 PSYoungGen      total 973824K, used 930816K [0x00000007aaa80000, 0x00000007e9280000, 0x0000000800000000)
  eden space 930816K, 100% used [0x00000007aaa80000,0x00000007e3780000,0x00000007e3780000)
  from space 43008K, 0% used [0x00000007e6880000,0x00000007e6880000,0x00000007e9280000)
  to   space 46592K, 0% used [0x00000007e3780000,0x00000007e3780000,0x00000007e6500000)
 ParOldGen       total 1509888K, used 1122976K [0x0000000700000000, 0x000000075c280000, 0x00000007aaa80000)
  object space 1509888K, 74% used [0x0000000700000000,0x00000007448a8100,0x000000075c280000)
 PSPermGen       total 105472K, used 71333K [0x00000006f0000000, 0x00000006f6700000, 0x0000000700000000)
  object space 105472K, 67% used [0x00000006f0000000,0x00000006f45a9770,0x00000006f6700000)
Event: 85,596 GC heap after
Heap after GC invocations=29 (full 11):
 PSYoungGen      total 973824K, used 0K [0x00000007aaa80000, 0x00000007e9280000, 0x0000000800000000)
  eden space 930816K, 0% used [0x00000007aaa80000,0x00000007aaa80000,0x00000007e3780000)
  from space 43008K, 0% used [0x00000007e6880000,0x00000007e6880000,0x00000007e9280000)
  to   space 46592K, 0% used [0x00000007e3780000,0x00000007e3780000,0x00000007e6500000)
 ParOldGen       total 1324544K, used 264349K [0x0000000700000000, 0x0000000750d80000, 0x00000007aaa80000)
  object space 1324544K, 19% used [0x0000000700000000,0x0000000710227430,0x0000000750d80000)
 PSPermGen       total 100864K, used 71327K [0x00000006f0000000, 0x00000006f6280000, 0x0000000700000000)
  object space 100864K, 70% used [0x00000006f0000000,0x00000006f45a7fe0,0x00000006f6280000)
}
Event: 126,194 GC heap before
{Heap before GC invocations=30 (full 11):
 PSYoungGen      total 973824K, used 915693K [0x00000007aaa80000, 0x00000007e9280000, 0x0000000800000000)
  eden space 930816K, 98% used [0x00000007aaa80000,0x00000007e28bb578,0x00000007e3780000)
  from space 43008K, 0% used [0x00000007e6880000,0x00000007e6880000,0x00000007e9280000)
  to   space 46592K, 0% used [0x00000007e3780000,0x00000007e3780000,0x00000007e6500000)
 ParOldGen       total 1324544K, used 264349K [0x0000000700000000, 0x0000000750d80000, 0x00000007aaa80000)
  object space 1324544K, 19% used [0x0000000700000000,0x0000000710227430,0x0000000750d80000)
 PSPermGen       total 100864K, used 71349K [0x00000006f0000000, 0x00000006f6280000, 0x0000000700000000)
  object space 100864K, 70% used [0x00000006f0000000,0x00000006f45ad4b8,0x00000006f6280000)
Event: 129,542 GC heap after
Heap after GC invocations=30 (full 11):
 PSYoungGen      total 977408K, used 1855K [0x00000007aaa80000, 0x00000007f5480000, 0x0000000800000000)
  eden space 930816K, 0% used [0x00000007aaa80000,0x00000007aaa80000,0x00000007e3780000)
  from space 46592K, 3% used [0x00000007e3780000,0x00000007e394fe68,0x00000007e6500000)
  to   space 44544K, 0% used [0x00000007f2900000,0x00000007f2900000,0x00000007f5480000)
 ParOldGen       total 1324544K, used 498724K [0x0000000700000000, 0x0000000750d80000, 0x00000007aaa80000)
  object space 1324544K, 37% used [0x0000000700000000,0x000000071e7091c8,0x0000000750d80000)
 PSPermGen       total 100864K, used 71349K [0x00000006f0000000, 0x00000006f6280000, 0x0000000700000000)
  object space 100864K, 70% used [0x00000006f0000000,0x00000006f45ad4b8,0x00000006f6280000)
}
Event: 164,461 GC heap before
{Heap before GC invocations=31 (full 11):
 PSYoungGen      total 977408K, used 896740K [0x00000007aaa80000, 0x00000007f5480000, 0x0000000800000000)
  eden space 930816K, 96% used [0x00000007aaa80000,0x00000007e14693b8,0x00000007e3780000)
  from space 46592K, 3% used [0x00000007e3780000,0x00000007e394fe68,0x00000007e6500000)
  to   space 44544K, 0% used [0x00000007f2900000,0x00000007f2900000,0x00000007f5480000)
 ParOldGen       total 1324544K, used 576849K [0x0000000700000000, 0x0000000750d80000, 0x00000007aaa80000)
  object space 1324544K, 43% used [0x0000000700000000,0x0000000723354740,0x0000000750d80000)
 PSPermGen       total 100864K, used 71367K [0x00000006f0000000, 0x00000006f6280000, 0x0000000700000000)
  object space 100864K, 70% used [0x00000006f0000000,0x00000006f45b1e80,0x00000006f6280000)
Event: 165,292 GC heap after
Heap after GC invocations=31 (full 11):
 PSYoungGen      total 1142272K, used 2962K [0x00000007aaa80000, 0x00000007f4100000, 0x0000000800000000)
  eden space 1117696K, 0% used [0x00000007aaa80000,0x00000007aaa80000,0x00000007eee00000)
  from space 24576K, 12% used [0x00000007f2900000,0x00000007f2be4978,0x00000007f4100000)
  to   space 42496K, 0% used [0x00000007eee00000,0x00000007eee00000,0x00000007f1780000)
 ParOldGen       total 1324544K, used 967858K [0x0000000700000000, 0x0000000750d80000, 0x00000007aaa80000)
  object space 1324544K, 73% used [0x0000000700000000,0x000000073b12cac8,0x0000000750d80000)
 PSPermGen       total 100864K, used 71367K [0x00000006f0000000, 0x00000006f6280000, 0x0000000700000000)
  object space 100864K, 70% used [0x00000006f0000000,0x00000006f45b1e80,0x00000006f6280000)
}
Event: 165,292 GC heap before
{Heap before GC invocations=32 (full 12):
 PSYoungGen      total 1142272K, used 2962K [0x00000007aaa80000, 0x00000007f4100000, 0x0000000800000000)
  eden space 1117696K, 0% used [0x00000007aaa80000,0x00000007aaa80000,0x00000007eee00000)
  from space 24576K, 12% used [0x00000007f2900000,0x00000007f2be4978,0x00000007f4100000)
  to   space 42496K, 0% used [0x00000007eee00000,0x00000007eee00000,0x00000007f1780000)
 ParOldGen       total 1324544K, used 967858K [0x0000000700000000, 0x0000000750d80000, 0x00000007aaa80000)
  object space 1324544K, 73% used [0x0000000700000000,0x000000073b12cac8,0x0000000750d80000)
 PSPermGen       total 100864K, used 71367K [0x00000006f0000000, 0x00000006f6280000, 0x0000000700000000)
  object space 100864K, 70% used [0x00000006f0000000,0x00000006f45b1e80,0x00000006f6280000)

