# JRE version: OpenJDK Runtime Environment (7.0_101) (build 1.7.0_101-b00)
# Java VM: OpenJDK 64-Bit Server VM (24.95-b01 mixed mode linux-amd64 compressed oops)
Heap
 PSYoungGen      total 700928K, used 67296K [0x00000007aaa80000, 0x00000007da300000, 0x0000000800000000)
  eden space 623104K, 0% used [0x00000007aaa80000,0x00000007aaa80000,0x00000007d0b00000)
  from space 77824K, 86% used [0x00000007d0b00000,0x00000007d4cb8040,0x00000007d5700000)
  to   space 63488K, 0% used [0x00000007d6500000,0x00000007d6500000,0x00000007da300000)
 ParOldGen       total 306688K, used 198658K [0x0000000700000000, 0x0000000712b80000, 0x00000007aaa80000)
  object space 306688K, 64% used [0x0000000700000000,0x000000070c200b88,0x0000000712b80000)
 PSPermGen       total 123904K, used 69249K [0x00000006f0000000, 0x00000006f7900000, 0x0000000700000000)
  object space 123904K, 55% used [0x00000006f0000000,0x00000006f43a04c0,0x00000006f7900000)
GC Heap History (10 events):
Event: 118,436 GC heap after
Heap after GC invocations=13 (full 2):
 PSYoungGen      total 346112K, used 41467K [0x00000007aaa80000, 0x00000007ce800000, 0x0000000800000000)
  eden space 304640K, 0% used [0x00000007aaa80000,0x00000007aaa80000,0x00000007bd400000)
  from space 41472K, 99% used [0x00000007bd400000,0x00000007bfc7ed38,0x00000007bfc80000)
  to   space 71680K, 0% used [0x00000007ca200000,0x00000007ca200000,0x00000007ce800000)
 ParOldGen       total 245248K, used 196999K [0x0000000700000000, 0x000000070ef80000, 0x00000007aaa80000)
  object space 245248K, 80% used [0x0000000700000000,0x000000070c061ee0,0x000000070ef80000)
 PSPermGen       total 116736K, used 68826K [0x00000006f0000000, 0x00000006f7200000, 0x0000000700000000)
  object space 116736K, 58% used [0x00000006f0000000,0x00000006f43368c0,0x00000006f7200000)
}
Event: 118,436 GC heap before
{Heap before GC invocations=14 (full 3):
 PSYoungGen      total 346112K, used 41467K [0x00000007aaa80000, 0x00000007ce800000, 0x0000000800000000)
  eden space 304640K, 0% used [0x00000007aaa80000,0x00000007aaa80000,0x00000007bd400000)
  from space 41472K, 99% used [0x00000007bd400000,0x00000007bfc7ed38,0x00000007bfc80000)
  to   space 71680K, 0% used [0x00000007ca200000,0x00000007ca200000,0x00000007ce800000)
 ParOldGen       total 245248K, used 196999K [0x0000000700000000, 0x000000070ef80000, 0x00000007aaa80000)
  object space 245248K, 80% used [0x0000000700000000,0x000000070c061ee0,0x000000070ef80000)
 PSPermGen       total 116736K, used 68826K [0x00000006f0000000, 0x00000006f7200000, 0x0000000700000000)
  object space 116736K, 58% used [0x00000006f0000000,0x00000006f43368c0,0x00000006f7200000)
Event: 118,661 GC heap after
Heap after GC invocations=14 (full 3):
 PSYoungGen      total 346112K, used 0K [0x00000007aaa80000, 0x00000007ce800000, 0x0000000800000000)
  eden space 304640K, 0% used [0x00000007aaa80000,0x00000007aaa80000,0x00000007bd400000)
  from space 41472K, 0% used [0x00000007bd400000,0x00000007bd400000,0x00000007bfc80000)
  to   space 71680K, 0% used [0x00000007ca200000,0x00000007ca200000,0x00000007ce800000)
 ParOldGen       total 306688K, used 171329K [0x0000000700000000, 0x0000000712b80000, 0x00000007aaa80000)
  object space 306688K, 55% used [0x0000000700000000,0x000000070a750408,0x0000000712b80000)
 PSPermGen       total 123904K, used 68825K [0x00000006f0000000, 0x00000006f7900000, 0x0000000700000000)
  object space 123904K, 55% used [0x00000006f0000000,0x00000006f4336598,0x00000006f7900000)
}
Event: 276,415 GC heap before
{Heap before GC invocations=15 (full 3):
 PSYoungGen      total 346112K, used 304621K [0x00000007aaa80000, 0x00000007ce800000, 0x0000000800000000)
  eden space 304640K, 99% used [0x00000007aaa80000,0x00000007bd3fb7c8,0x00000007bd400000)
  from space 41472K, 0% used [0x00000007bd400000,0x00000007bd400000,0x00000007bfc80000)
  to   space 71680K, 0% used [0x00000007ca200000,0x00000007ca200000,0x00000007ce800000)
 ParOldGen       total 306688K, used 171329K [0x0000000700000000, 0x0000000712b80000, 0x00000007aaa80000)
  object space 306688K, 55% used [0x0000000700000000,0x000000070a750408,0x0000000712b80000)
 PSPermGen       total 123904K, used 69093K [0x00000006f0000000, 0x00000006f7900000, 0x0000000700000000)
  object space 123904K, 55% used [0x00000006f0000000,0x00000006f43795a8,0x00000006f7900000)
Event: 283,719 GC heap after
Heap after GC invocations=15 (full 3):
 PSYoungGen      total 507904K, used 57733K [0x00000007aaa80000, 0x00000007cff80000, 0x0000000800000000)
  eden space 436224K, 0% used [0x00000007aaa80000,0x00000007aaa80000,0x00000007c5480000)
  from space 71680K, 80% used [0x00000007ca200000,0x00000007cda61698,0x00000007ce800000)
  to   space 79360K, 0% used [0x00000007c5480000,0x00000007c5480000,0x00000007ca200000)
 ParOldGen       total 306688K, used 171329K [0x0000000700000000, 0x0000000712b80000, 0x00000007aaa80000)
  object space 306688K, 55% used [0x0000000700000000,0x000000070a750408,0x0000000712b80000)
 PSPermGen       total 123904K, used 69093K [0x00000006f0000000, 0x00000006f7900000, 0x0000000700000000)
  object space 123904K, 55% used [0x00000006f0000000,0x00000006f43795a8,0x00000006f7900000)
}
Event: 294,664 GC heap before
{Heap before GC invocations=16 (full 3):
 PSYoungGen      total 507904K, used 484555K [0x00000007aaa80000, 0x00000007cff80000, 0x0000000800000000)
  eden space 436224K, 97% used [0x00000007aaa80000,0x00000007c4b51680,0x00000007c5480000)
  from space 71680K, 80% used [0x00000007ca200000,0x00000007cda61698,0x00000007ce800000)
  to   space 79360K, 0% used [0x00000007c5480000,0x00000007c5480000,0x00000007ca200000)
 ParOldGen       total 306688K, used 171329K [0x0000000700000000, 0x0000000712b80000, 0x00000007aaa80000)
  object space 306688K, 55% used [0x0000000700000000,0x000000070a750408,0x0000000712b80000)
 PSPermGen       total 123904K, used 69118K [0x00000006f0000000, 0x00000006f7900000, 0x0000000700000000)
  object space 123904K, 55% used [0x00000006f0000000,0x00000006f437f8e8,0x00000006f7900000)
Event: 294,682 GC heap after
Heap after GC invocations=16 (full 3):
 PSYoungGen      total 515584K, used 192K [0x00000007aaa80000, 0x00000007db200000, 0x0000000800000000)
  eden space 436224K, 0% used [0x00000007aaa80000,0x00000007aaa80000,0x00000007c5480000)
  from space 79360K, 0% used [0x00000007c5480000,0x00000007c54b0000,0x00000007ca200000)
  to   space 78848K, 0% used [0x00000007d6500000,0x00000007d6500000,0x00000007db200000)
 ParOldGen       total 306688K, used 182234K [0x0000000700000000, 0x0000000712b80000, 0x00000007aaa80000)
  object space 306688K, 59% used [0x0000000700000000,0x000000070b1f6b78,0x0000000712b80000)
 PSPermGen       total 123904K, used 69118K [0x00000006f0000000, 0x00000006f7900000, 0x0000000700000000)
  object space 123904K, 55% used [0x00000006f0000000,0x00000006f437f8e8,0x00000006f7900000)
}
Event: 300,307 GC heap before
{Heap before GC invocations=17 (full 3):
 PSYoungGen      total 515584K, used 420468K [0x00000007aaa80000, 0x00000007db200000, 0x0000000800000000)
  eden space 436224K, 96% used [0x00000007aaa80000,0x00000007c44ed188,0x00000007c5480000)
  from space 79360K, 0% used [0x00000007c5480000,0x00000007c54b0000,0x00000007ca200000)
  to   space 78848K, 0% used [0x00000007d6500000,0x00000007d6500000,0x00000007db200000)
 ParOldGen       total 306688K, used 182234K [0x0000000700000000, 0x0000000712b80000, 0x00000007aaa80000)
  object space 306688K, 59% used [0x0000000700000000,0x000000070b1f6b78,0x0000000712b80000)
 PSPermGen       total 123904K, used 69132K [0x00000006f0000000, 0x00000006f7900000, 0x0000000700000000)
  object space 123904K, 55% used [0x00000006f0000000,0x00000006f43831e0,0x00000006f7900000)
Event: 300,322 GC heap after
Heap after GC invocations=17 (full 3):
 PSYoungGen      total 686592K, used 160K [0x00000007aaa80000, 0x00000007da300000, 0x0000000800000000)
  eden space 623104K, 0% used [0x00000007aaa80000,0x00000007aaa80000,0x00000007d0b00000)
  from space 63488K, 0% used [0x00000007d6500000,0x00000007d6528000,0x00000007da300000)
  to   space 77824K, 0% used [0x00000007d0b00000,0x00000007d0b00000,0x00000007d5700000)
 ParOldGen       total 306688K, used 182250K [0x0000000700000000, 0x0000000712b80000, 0x00000007aaa80000)
  object space 306688K, 59% used [0x0000000700000000,0x000000070b1fab78,0x0000000712b80000)
 PSPermGen       total 123904K, used 69132K [0x00000006f0000000, 0x00000006f7900000, 0x0000000700000000)
  object space 123904K, 55% used [0x00000006f0000000,0x00000006f43831e0,0x00000006f7900000)
}
Event: 836,273 GC heap before
{Heap before GC invocations=18 (full 3):
 PSYoungGen      total 686592K, used 619270K [0x00000007aaa80000, 0x00000007da300000, 0x0000000800000000)
  eden space 623104K, 99% used [0x00000007aaa80000,0x00000007d0719ba8,0x00000007d0b00000)
  from space 63488K, 0% used [0x00000007d6500000,0x00000007d6528000,0x00000007da300000)
  to   space 77824K, 0% used [0x00000007d0b00000,0x00000007d0b00000,0x00000007d5700000)
 ParOldGen       total 306688K, used 182250K [0x0000000700000000, 0x0000000712b80000, 0x00000007aaa80000)
  object space 306688K, 59% used [0x0000000700000000,0x000000070b1fab78,0x0000000712b80000)
 PSPermGen       total 123904K, used 69249K [0x00000006f0000000, 0x00000006f7900000, 0x0000000700000000)
  object space 123904K, 55% used [0x00000006f0000000,0x00000006f43a04c0,0x00000006f7900000)

